0 info it worked if it ends with ok
1 verbose cli [ 'C:\\Program Files\\nodejs\\node.exe',
1 verbose cli   'C:\\Users\\Fidelity 2015\\AppData\\Roaming\\npm\\node_modules\\npm\\bin\\npm-cli.js',
1 verbose cli   'install' ]
2 info using npm@3.9.6
3 info using node@v4.4.5
4 silly loadCurrentTree Starting
5 silly install loadCurrentTree
6 silly install readLocalPackageData
7 silly install normalizeTree
8 silly loadCurrentTree Finishing
9 silly loadIdealTree Starting
10 silly install loadIdealTree
11 silly cloneCurrentTree Starting
12 silly install cloneCurrentTreeToIdealTree
13 silly cloneCurrentTree Finishing
14 silly loadShrinkwrap Starting
15 silly install loadShrinkwrap
16 silly loadShrinkwrap Finishing
17 silly loadAllDepsIntoIdealTree Starting
18 silly install loadAllDepsIntoIdealTree
19 silly fetchNamedPackageData karma-jasmine-jquery
20 silly mapToRegistry name karma-jasmine-jquery
21 silly mapToRegistry using default registry
22 silly mapToRegistry registry https://registry.npmjs.org/
23 silly mapToRegistry data Result {
23 silly mapToRegistry   raw: 'karma-jasmine-jquery',
23 silly mapToRegistry   scope: null,
23 silly mapToRegistry   name: 'karma-jasmine-jquery',
23 silly mapToRegistry   rawSpec: '',
23 silly mapToRegistry   spec: 'latest',
23 silly mapToRegistry   type: 'tag' }
24 silly mapToRegistry uri https://registry.npmjs.org/karma-jasmine-jquery
25 verbose request uri https://registry.npmjs.org/karma-jasmine-jquery
26 verbose request no auth needed
27 info attempt registry request try #1 at 2:30:38 PM
28 verbose request id a367c75b78654fc1
29 verbose etag "5YO9XJSXEBT77KC5LROY83J3"
30 http request GET https://registry.npmjs.org/karma-jasmine-jquery
31 http 304 https://registry.npmjs.org/karma-jasmine-jquery
32 verbose headers { date: 'Thu, 23 Jun 2016 13:30:37 GMT',
32 verbose headers   via: '1.1 varnish',
32 verbose headers   'cache-control': 'max-age=300',
32 verbose headers   etag: '"5YO9XJSXEBT77KC5LROY83J3"',
32 verbose headers   age: '20',
32 verbose headers   connection: 'keep-alive',
32 verbose headers   'x-served-by': 'cache-ams4425-AMS',
32 verbose headers   'x-cache': 'HIT',
32 verbose headers   'x-cache-hits': '1',
32 verbose headers   'x-timer': 'S1466688637.280323,VS0,VE0',
32 verbose headers   vary: 'Accept-Encoding' }
33 silly get cb [ 304,
33 silly get   { date: 'Thu, 23 Jun 2016 13:30:37 GMT',
33 silly get     via: '1.1 varnish',
33 silly get     'cache-control': 'max-age=300',
33 silly get     etag: '"5YO9XJSXEBT77KC5LROY83J3"',
33 silly get     age: '20',
33 silly get     connection: 'keep-alive',
33 silly get     'x-served-by': 'cache-ams4425-AMS',
33 silly get     'x-cache': 'HIT',
33 silly get     'x-cache-hits': '1',
33 silly get     'x-timer': 'S1466688637.280323,VS0,VE0',
33 silly get     vary: 'Accept-Encoding' } ]
34 verbose etag https://registry.npmjs.org/karma-jasmine-jquery from cache
35 verbose get saving karma-jasmine-jquery to C:\Users\Fidelity 2015\AppData\Roaming\npm-cache\registry.npmjs.org\karma-jasmine-jquery\.cache.json
36 verbose correctMkdir C:\Users\Fidelity 2015\AppData\Roaming\npm-cache correctMkdir not in flight; initializing
37 silly resolveWithNewModule karma-jasmine-jquery@0.0.3 checking installable status
38 silly cache add args [ 'karma-jasmine-jquery@0.0.3', null ]
39 verbose cache add spec karma-jasmine-jquery@0.0.3
40 silly cache add parsed spec Result {
40 silly cache add   raw: 'karma-jasmine-jquery@0.0.3',
40 silly cache add   scope: null,
40 silly cache add   name: 'karma-jasmine-jquery',
40 silly cache add   rawSpec: '0.0.3',
40 silly cache add   spec: '0.0.3',
40 silly cache add   type: 'version' }
41 silly addNamed karma-jasmine-jquery@0.0.3
42 verbose addNamed "0.0.3" is a plain semver version for karma-jasmine-jquery
43 silly mapToRegistry name karma-jasmine-jquery
44 silly mapToRegistry using default registry
45 silly mapToRegistry registry https://registry.npmjs.org/
46 silly mapToRegistry data Result {
46 silly mapToRegistry   raw: 'karma-jasmine-jquery',
46 silly mapToRegistry   scope: null,
46 silly mapToRegistry   name: 'karma-jasmine-jquery',
46 silly mapToRegistry   rawSpec: '',
46 silly mapToRegistry   spec: 'latest',
46 silly mapToRegistry   type: 'tag' }
47 silly mapToRegistry uri https://registry.npmjs.org/karma-jasmine-jquery
48 verbose addNameVersion registry:https://registry.npmjs.org/karma-jasmine-jquery not in flight; fetching
49 verbose get https://registry.npmjs.org/karma-jasmine-jquery not expired, no request
50 silly mapToRegistry name karma-jasmine-jquery
51 silly mapToRegistry using default registry
52 silly mapToRegistry registry https://registry.npmjs.org/
53 silly mapToRegistry data Result {
53 silly mapToRegistry   raw: 'karma-jasmine-jquery',
53 silly mapToRegistry   scope: null,
53 silly mapToRegistry   name: 'karma-jasmine-jquery',
53 silly mapToRegistry   rawSpec: '',
53 silly mapToRegistry   spec: 'latest',
53 silly mapToRegistry   type: 'tag' }
54 silly mapToRegistry uri https://registry.npmjs.org/karma-jasmine-jquery
55 verbose addRemoteTarball https://registry.npmjs.org/karma-jasmine-jquery/-/karma-jasmine-jquery-0.0.3.tgz not in flight; adding
56 verbose addRemoteTarball [ 'https://registry.npmjs.org/karma-jasmine-jquery/-/karma-jasmine-jquery-0.0.3.tgz',
56 verbose addRemoteTarball   'aad21f180fba5b7c7ef136d9a8b531e54aaa0440' ]
57 info retry fetch attempt 1 at 2:30:38 PM
58 info attempt registry request try #1 at 2:30:38 PM
59 http fetch GET https://registry.npmjs.org/karma-jasmine-jquery/-/karma-jasmine-jquery-0.0.3.tgz
60 http fetch 200 https://registry.npmjs.org/karma-jasmine-jquery/-/karma-jasmine-jquery-0.0.3.tgz
61 silly fetchAndShaCheck shasum aad21f180fba5b7c7ef136d9a8b531e54aaa0440
62 verbose addTmpTarball C:\Users\FIDELI~1\AppData\Local\Temp\npm-10460-657555b9\registry.npmjs.org\karma-jasmine-jquery\-\karma-jasmine-jquery-0.0.3.tgz not in flight; adding
63 verbose addTmpTarball already have metadata; skipping unpack for karma-jasmine-jquery@0.0.3
64 verbose correctMkdir C:\Users\Fidelity 2015\AppData\Roaming\npm-cache correctMkdir not in flight; initializing
65 silly cache afterAdd karma-jasmine-jquery@0.0.3
66 verbose afterAdd C:\Users\Fidelity 2015\AppData\Roaming\npm-cache\karma-jasmine-jquery\0.0.3\package\package.json not in flight; writing
67 verbose correctMkdir C:\Users\Fidelity 2015\AppData\Roaming\npm-cache correctMkdir not in flight; initializing
68 verbose afterAdd C:\Users\Fidelity 2015\AppData\Roaming\npm-cache\karma-jasmine-jquery\0.0.3\package\package.json written
69 silly fetchNamedPackageData fsevents
70 silly mapToRegistry name fsevents
71 silly mapToRegistry using default registry
72 silly mapToRegistry registry https://registry.npmjs.org/
73 silly mapToRegistry data Result {
73 silly mapToRegistry   raw: 'fsevents',
73 silly mapToRegistry   scope: null,
73 silly mapToRegistry   name: 'fsevents',
73 silly mapToRegistry   rawSpec: '',
73 silly mapToRegistry   spec: 'latest',
73 silly mapToRegistry   type: 'tag' }
74 silly mapToRegistry uri https://registry.npmjs.org/fsevents
75 verbose request uri https://registry.npmjs.org/fsevents
76 verbose request no auth needed
77 info attempt registry request try #1 at 2:30:39 PM
78 verbose etag "6WG2IHJ3R1KBCEVEQH5157IQJ"
79 http request GET https://registry.npmjs.org/fsevents
80 http 304 https://registry.npmjs.org/fsevents
81 verbose headers { date: 'Thu, 23 Jun 2016 13:30:38 GMT',
81 verbose headers   via: '1.1 varnish',
81 verbose headers   'cache-control': 'max-age=300',
81 verbose headers   etag: '"6WG2IHJ3R1KBCEVEQH5157IQJ"',
81 verbose headers   age: '142',
81 verbose headers   connection: 'keep-alive',
81 verbose headers   'x-served-by': 'cache-ams4425-AMS',
81 verbose headers   'x-cache': 'HIT',
81 verbose headers   'x-cache-hits': '1',
81 verbose headers   'x-timer': 'S1466688638.471010,VS0,VE0',
81 verbose headers   vary: 'Accept-Encoding' }
82 silly get cb [ 304,
82 silly get   { date: 'Thu, 23 Jun 2016 13:30:38 GMT',
82 silly get     via: '1.1 varnish',
82 silly get     'cache-control': 'max-age=300',
82 silly get     etag: '"6WG2IHJ3R1KBCEVEQH5157IQJ"',
82 silly get     age: '142',
82 silly get     connection: 'keep-alive',
82 silly get     'x-served-by': 'cache-ams4425-AMS',
82 silly get     'x-cache': 'HIT',
82 silly get     'x-cache-hits': '1',
82 silly get     'x-timer': 'S1466688638.471010,VS0,VE0',
82 silly get     vary: 'Accept-Encoding' } ]
83 verbose etag https://registry.npmjs.org/fsevents from cache
84 verbose get saving fsevents to C:\Users\Fidelity 2015\AppData\Roaming\npm-cache\registry.npmjs.org\fsevents\.cache.json
85 verbose correctMkdir C:\Users\Fidelity 2015\AppData\Roaming\npm-cache correctMkdir not in flight; initializing
86 silly resolveWithNewModule fsevents@1.0.12 checking installable status
87 silly fetchNamedPackageData bower
88 silly mapToRegistry name bower
89 silly mapToRegistry using default registry
90 silly mapToRegistry registry https://registry.npmjs.org/
91 silly mapToRegistry data Result {
91 silly mapToRegistry   raw: 'bower',
91 silly mapToRegistry   scope: null,
91 silly mapToRegistry   name: 'bower',
91 silly mapToRegistry   rawSpec: '',
91 silly mapToRegistry   spec: 'latest',
91 silly mapToRegistry   type: 'tag' }
92 silly mapToRegistry uri https://registry.npmjs.org/bower
93 silly fetchOtherPackageData bower-installer@git://github.com/bessdsv/bower-installer.git#temp
94 silly cache add args [ 'bower-installer@git://github.com/bessdsv/bower-installer.git#temp',
94 silly cache add   null ]
95 verbose cache add spec bower-installer@git://github.com/bessdsv/bower-installer.git#temp
96 silly cache add parsed spec Result {
96 silly cache add   raw: 'bower-installer@git://github.com/bessdsv/bower-installer.git#temp',
96 silly cache add   scope: null,
96 silly cache add   name: 'bower-installer',
96 silly cache add   rawSpec: 'git://github.com/bessdsv/bower-installer.git#temp',
96 silly cache add   spec: 'git://github.com/bessdsv/bower-installer.git#temp',
96 silly cache add   type: 'hosted',
96 silly cache add   hosted:
96 silly cache add    { type: 'github',
96 silly cache add      ssh: 'git@github.com:bessdsv/bower-installer.git#temp',
96 silly cache add      sshUrl: 'git+ssh://git@github.com/bessdsv/bower-installer.git#temp',
96 silly cache add      httpsUrl: 'git+https://github.com/bessdsv/bower-installer.git#temp',
96 silly cache add      gitUrl: 'git://github.com/bessdsv/bower-installer.git#temp',
96 silly cache add      shortcut: 'github:bessdsv/bower-installer#temp',
96 silly cache add      directUrl: 'https://raw.githubusercontent.com/bessdsv/bower-installer/temp/package.json' } }
97 verbose addRemoteGit caching git://github.com/bessdsv/bower-installer.git#temp
98 verbose addRemoteGit git://github.com/bessdsv/bower-installer.git#temp is a repository hosted by github
99 silly tryClone cloning git://github.com/bessdsv/bower-installer.git#temp via git://github.com/bessdsv/bower-installer.git#temp
100 verbose tryClone git-github-com-bessdsv-bower-installer-git-temp-5f628818 not in flight; caching
101 verbose correctMkdir C:\Users\Fidelity 2015\AppData\Roaming\npm-cache\_git-remotes correctMkdir not in flight; initializing
102 verbose request uri https://registry.npmjs.org/bower
103 verbose request no auth needed
104 info attempt registry request try #1 at 2:30:40 PM
105 verbose etag "C8T77HIEKTFUSFXCPJX2M2CYS"
106 http request GET https://registry.npmjs.org/bower
107 http 304 https://registry.npmjs.org/bower
108 verbose headers { date: 'Thu, 23 Jun 2016 13:30:38 GMT',
108 verbose headers   via: '1.1 varnish',
108 verbose headers   'cache-control': 'max-age=300',
108 verbose headers   etag: '"C8T77HIEKTFUSFXCPJX2M2CYS"',
108 verbose headers   age: '287',
108 verbose headers   connection: 'keep-alive',
108 verbose headers   'x-served-by': 'cache-ams4425-AMS',
108 verbose headers   'x-cache': 'HIT',
108 verbose headers   'x-cache-hits': '1',
108 verbose headers   'x-timer': 'S1466688638.718451,VS0,VE0',
108 verbose headers   vary: 'Accept-Encoding' }
109 silly get cb [ 304,
109 silly get   { date: 'Thu, 23 Jun 2016 13:30:38 GMT',
109 silly get     via: '1.1 varnish',
109 silly get     'cache-control': 'max-age=300',
109 silly get     etag: '"C8T77HIEKTFUSFXCPJX2M2CYS"',
109 silly get     age: '287',
109 silly get     connection: 'keep-alive',
109 silly get     'x-served-by': 'cache-ams4425-AMS',
109 silly get     'x-cache': 'HIT',
109 silly get     'x-cache-hits': '1',
109 silly get     'x-timer': 'S1466688638.718451,VS0,VE0',
109 silly get     vary: 'Accept-Encoding' } ]
110 verbose etag https://registry.npmjs.org/bower from cache
111 verbose get saving bower to C:\Users\Fidelity 2015\AppData\Roaming\npm-cache\registry.npmjs.org\bower\.cache.json
112 verbose correctMkdir C:\Users\Fidelity 2015\AppData\Roaming\npm-cache correctMkdir not in flight; initializing
113 info git [ 'config', '--get', 'remote.origin.url' ]
114 silly resolveWithNewModule bower@1.7.9 checking installable status
115 silly cache add args [ 'bower@^1.3.9', null ]
116 verbose cache add spec bower@^1.3.9
117 silly cache add parsed spec Result {
117 silly cache add   raw: 'bower@^1.3.9',
117 silly cache add   scope: null,
117 silly cache add   name: 'bower',
117 silly cache add   rawSpec: '^1.3.9',
117 silly cache add   spec: '>=1.3.9 <2.0.0',
117 silly cache add   type: 'range' }
118 silly addNamed bower@>=1.3.9 <2.0.0
119 verbose addNamed ">=1.3.9 <2.0.0" is a valid semver range for bower
120 silly addNameRange { name: 'bower', range: '>=1.3.9 <2.0.0', hasData: false }
121 silly mapToRegistry name bower
122 silly mapToRegistry using default registry
123 silly mapToRegistry registry https://registry.npmjs.org/
124 silly mapToRegistry data Result {
124 silly mapToRegistry   raw: 'bower',
124 silly mapToRegistry   scope: null,
124 silly mapToRegistry   name: 'bower',
124 silly mapToRegistry   rawSpec: '',
124 silly mapToRegistry   spec: 'latest',
124 silly mapToRegistry   type: 'tag' }
125 silly mapToRegistry uri https://registry.npmjs.org/bower
126 verbose addNameRange registry:https://registry.npmjs.org/bower not in flight; fetching
127 verbose get https://registry.npmjs.org/bower not expired, no request
128 silly addNameRange number 2 { name: 'bower', range: '>=1.3.9 <2.0.0', hasData: true }
129 silly addNameRange versions [ 'bower',
129 silly addNameRange   [ '0.1.0',
129 silly addNameRange     '0.1.2',
129 silly addNameRange     '0.1.3',
129 silly addNameRange     '0.2.0',
129 silly addNameRange     '0.3.0',
129 silly addNameRange     '0.3.1',
129 silly addNameRange     '0.3.2',
129 silly addNameRange     '0.4.0',
129 silly addNameRange     '0.5.0',
129 silly addNameRange     '0.5.1',
129 silly addNameRange     '0.6.0',
129 silly addNameRange     '0.6.1',
129 silly addNameRange     '0.6.2',
129 silly addNameRange     '0.6.3',
129 silly addNameRange     '0.6.4',
129 silly addNameRange     '0.6.5',
129 silly addNameRange     '0.6.6',
129 silly addNameRange     '0.6.7',
129 silly addNameRange     '0.6.8',
129 silly addNameRange     '0.7.0',
129 silly addNameRange     '0.7.1',
129 silly addNameRange     '0.8.0',
129 silly addNameRange     '0.8.1',
129 silly addNameRange     '0.8.2',
129 silly addNameRange     '0.8.3',
129 silly addNameRange     '0.8.4',
129 silly addNameRange     '0.8.5',
129 silly addNameRange     '0.8.6',
129 silly addNameRange     '0.9.0',
129 silly addNameRange     '0.9.1',
129 silly addNameRange     '0.9.2',
129 silly addNameRange     '0.10.0',
129 silly addNameRange     '1.0.0',
129 silly addNameRange     '1.0.1',
129 silly addNameRange     '1.0.2',
129 silly addNameRange     '1.0.3',
129 silly addNameRange     '1.1.0',
129 silly addNameRange     '1.1.1',
129 silly addNameRange     '1.1.2',
129 silly addNameRange     '1.2.0',
129 silly addNameRange     '1.2.1',
129 silly addNameRange     '1.2.2',
129 silly addNameRange     '1.2.3',
129 silly addNameRange     '1.2.4',
129 silly addNameRange     '1.2.5',
129 silly addNameRange     '1.2.6',
129 silly addNameRange     '1.2.7',
129 silly addNameRange     '1.2.8',
129 silly addNameRange     '1.3.0',
129 silly addNameRange     '1.3.1',
129 silly addNameRange     '1.3.2',
129 silly addNameRange     '1.3.3',
129 silly addNameRange     '1.3.4',
129 silly addNameRange     '1.3.5',
129 silly addNameRange     '1.3.6',
129 silly addNameRange     '1.3.7',
129 silly addNameRange     '1.3.8',
129 silly addNameRange     '1.3.9',
129 silly addNameRange     '1.3.10',
129 silly addNameRange     '1.3.11',
129 silly addNameRange     '1.3.12',
129 silly addNameRange     '1.4.0',
129 silly addNameRange     '1.4.1',
129 silly addNameRange     '1.5.0',
129 silly addNameRange     '1.5.1',
129 silly addNameRange     '1.5.2',
129 silly addNameRange     '1.5.3',
129 silly addNameRange     '1.6.2',
129 silly addNameRange     '1.6.3',
129 silly addNameRange     '1.6.4',
129 silly addNameRange     '1.6.5',
129 silly addNameRange     '1.5.4',
129 silly addNameRange     '1.4.2',
129 silly addNameRange     '1.6.6',
129 silly addNameRange     '1.6.7',
129 silly addNameRange     '1.6.8',
129 silly addNameRange     '1.6.9',
129 silly addNameRange     '1.7.0',
129 silly addNameRange     '1.7.1',
129 silly addNameRange     '1.7.2',
129 silly addNameRange     '1.7.5',
129 silly addNameRange     '1.7.6',
129 silly addNameRange     '1.7.7',
129 silly addNameRange     '1.7.8',
129 silly addNameRange     '1.7.9' ] ]
130 silly addNamed bower@1.7.9
131 verbose addNamed "1.7.9" is a plain semver version for bower
132 silly cache afterAdd bower@1.7.9
133 verbose afterAdd C:\Users\Fidelity 2015\AppData\Roaming\npm-cache\bower\1.7.9\package\package.json not in flight; writing
134 verbose correctMkdir C:\Users\Fidelity 2015\AppData\Roaming\npm-cache correctMkdir not in flight; initializing
135 verbose afterAdd C:\Users\Fidelity 2015\AppData\Roaming\npm-cache\bower\1.7.9\package\package.json written
136 warn addRemoteGit Error: Command failed: git -c core.longpaths=true config --get remote.origin.url
136 warn addRemoteGit
136 warn addRemoteGit     at ChildProcess.exithandler (child_process.js:213:12)
136 warn addRemoteGit     at emitTwo (events.js:87:13)
136 warn addRemoteGit     at ChildProcess.emit (events.js:172:7)
136 warn addRemoteGit     at maybeClose (internal/child_process.js:827:16)
136 warn addRemoteGit     at Socket.<anonymous> (internal/child_process.js:319:11)
136 warn addRemoteGit     at emitOne (events.js:77:13)
136 warn addRemoteGit     at Socket.emit (events.js:169:7)
136 warn addRemoteGit     at Pipe._onclose (net.js:477:12)
136 warn addRemoteGit  git://github.com/bessdsv/bower-installer.git#temp resetting remote C:\Users\Fidelity 2015\AppData\Roaming\npm-cache\_git-remotes\git-github-com-bessdsv-bower-installer-git-temp-5f628818 because of error: { [Error: Command failed: git -c core.longpaths=true config --get remote.origin.url
136 warn addRemoteGit ]
136 warn addRemoteGit   killed: false,
136 warn addRemoteGit   code: 1,
136 warn addRemoteGit   signal: null,
136 warn addRemoteGit   cmd: 'git -c core.longpaths=true config --get remote.origin.url' }
137 info resetRemote resetting C:\Users\Fidelity 2015\AppData\Roaming\npm-cache\_git-remotes\git-github-com-bessdsv-bower-installer-git-temp-5f628818 for git://github.com/bessdsv/bower-installer.git#temp
138 silly gentlyRm C:\Users\Fidelity 2015\AppData\Roaming\npm-cache\_git-remotes\git-github-com-bessdsv-bower-installer-git-temp-5f628818 is being purged
139 verbose gentlyRm don't care about contents; nuking C:\Users\Fidelity 2015\AppData\Roaming\npm-cache\_git-remotes\git-github-com-bessdsv-bower-installer-git-temp-5f628818
140 silly vacuum-fs purging C:\Users\Fidelity 2015\AppData\Roaming\npm-cache\_git-remotes\git-github-com-bessdsv-bower-installer-git-temp-5f628818
141 silly vacuum-fs quitting because other entries in C:\Users\Fidelity 2015\AppData\Roaming\npm-cache\_git-remotes
142 info git [ 'clone',
142 info git   '--template=C:\\Users\\Fidelity 2015\\AppData\\Roaming\\npm-cache\\_git-remotes\\_templates',
142 info git   '--mirror',
142 info git   'git://github.com/bessdsv/bower-installer.git',
142 info git   'C:\\Users\\Fidelity 2015\\AppData\\Roaming\\npm-cache\\_git-remotes\\git-github-com-bessdsv-bower-installer-git-temp-5f628818' ]
143 error git clone --template=C:\Users\Fidelity 2015\AppData\Roaming\npm-cache\_git-remotes\_templates --mirror git://github.com/bessdsv/bower-installer.git C:\Users\Fidelity 2015\AppData\Roaming\npm-cache\_git-remotes\git-github-com-bessdsv-bower-installer-git-temp-5f628818: Cloning into bare repository 'C:\Users\Fidelity 2015\AppData\Roaming\npm-cache\_git-remotes\git-github-com-bessdsv-bower-installer-git-temp-5f628818'...
143 error git clone --template=C:\Users\Fidelity 2015\AppData\Roaming\npm-cache\_git-remotes\_templates --mirror git://github.com/bessdsv/bower-installer.git C:\Users\Fidelity 2015\AppData\Roaming\npm-cache\_git-remotes\git-github-com-bessdsv-bower-installer-git-temp-5f628818: fatal: unable to connect to github.com:
143 error git clone --template=C:\Users\Fidelity 2015\AppData\Roaming\npm-cache\_git-remotes\_templates --mirror git://github.com/bessdsv/bower-installer.git C:\Users\Fidelity 2015\AppData\Roaming\npm-cache\_git-remotes\git-github-com-bessdsv-bower-installer-git-temp-5f628818: github.com[0: 192.30.252.122]: errno=No error
144 silly fetchPackageMetaData Error: Command failed: git -c core.longpaths=true clone --template=C:\Users\Fidelity 2015\AppData\Roaming\npm-cache\_git-remotes\_templates --mirror git://github.com/bessdsv/bower-installer.git C:\Users\Fidelity 2015\AppData\Roaming\npm-cache\_git-remotes\git-github-com-bessdsv-bower-installer-git-temp-5f628818
144 silly fetchPackageMetaData Cloning into bare repository 'C:\Users\Fidelity 2015\AppData\Roaming\npm-cache\_git-remotes\git-github-com-bessdsv-bower-installer-git-temp-5f628818'...
144 silly fetchPackageMetaData fatal: unable to connect to github.com:
144 silly fetchPackageMetaData github.com[0: 192.30.252.122]: errno=No error
144 silly fetchPackageMetaData
144 silly fetchPackageMetaData
144 silly fetchPackageMetaData     at ChildProcess.exithandler (child_process.js:213:12)
144 silly fetchPackageMetaData     at emitTwo (events.js:87:13)
144 silly fetchPackageMetaData     at ChildProcess.emit (events.js:172:7)
144 silly fetchPackageMetaData     at maybeClose (internal/child_process.js:827:16)
144 silly fetchPackageMetaData     at Process.ChildProcess._handle.onexit (internal/child_process.js:211:5)
144 silly fetchPackageMetaData  error for bower-installer@git://github.com/bessdsv/bower-installer.git#temp { [Error: Command failed: git -c core.longpaths=true clone --template=C:\Users\Fidelity 2015\AppData\Roaming\npm-cache\_git-remotes\_templates --mirror git://github.com/bessdsv/bower-installer.git C:\Users\Fidelity 2015\AppData\Roaming\npm-cache\_git-remotes\git-github-com-bessdsv-bower-installer-git-temp-5f628818
144 silly fetchPackageMetaData Cloning into bare repository 'C:\Users\Fidelity 2015\AppData\Roaming\npm-cache\_git-remotes\git-github-com-bessdsv-bower-installer-git-temp-5f628818'...
144 silly fetchPackageMetaData fatal: unable to connect to github.com:
144 silly fetchPackageMetaData github.com[0: 192.30.252.122]: errno=No error
144 silly fetchPackageMetaData
144 silly fetchPackageMetaData ]
144 silly fetchPackageMetaData   killed: false,
144 silly fetchPackageMetaData   code: 128,
144 silly fetchPackageMetaData   signal: null,
144 silly fetchPackageMetaData   cmd: 'git -c core.longpaths=true clone --template=C:\\Users\\Fidelity 2015\\AppData\\Roaming\\npm-cache\\_git-remotes\\_templates --mirror git://github.com/bessdsv/bower-installer.git C:\\Users\\Fidelity 2015\\AppData\\Roaming\\npm-cache\\_git-remotes\\git-github-com-bessdsv-bower-installer-git-temp-5f628818' }
145 silly rollbackFailedOptional Starting
146 silly rollbackFailedOptional Finishing
147 silly runTopLevelLifecycles Starting
148 silly runTopLevelLifecycles Finishing
149 silly install printInstalled
150 warn optional Skipping failed optional dependency /karma/chokidar/fsevents:
151 warn notsup Not compatible with your operating system or architecture: fsevents@1.0.12
152 verbose stack Error: Command failed: git -c core.longpaths=true clone --template=C:\Users\Fidelity 2015\AppData\Roaming\npm-cache\_git-remotes\_templates --mirror git://github.com/bessdsv/bower-installer.git C:\Users\Fidelity 2015\AppData\Roaming\npm-cache\_git-remotes\git-github-com-bessdsv-bower-installer-git-temp-5f628818
152 verbose stack Cloning into bare repository 'C:\Users\Fidelity 2015\AppData\Roaming\npm-cache\_git-remotes\git-github-com-bessdsv-bower-installer-git-temp-5f628818'...
152 verbose stack fatal: unable to connect to github.com:
152 verbose stack github.com[0: 192.30.252.122]: errno=No error
152 verbose stack
152 verbose stack
152 verbose stack     at ChildProcess.exithandler (child_process.js:213:12)
152 verbose stack     at emitTwo (events.js:87:13)
152 verbose stack     at ChildProcess.emit (events.js:172:7)
152 verbose stack     at maybeClose (internal/child_process.js:827:16)
152 verbose stack     at Process.ChildProcess._handle.onexit (internal/child_process.js:211:5)
153 verbose cwd C:\Users\Fidelity 2015\Documents\Project\UXUI
154 error Windows_NT 6.1.7601
155 error argv "C:\\Program Files\\nodejs\\node.exe" "C:\\Users\\Fidelity 2015\\AppData\\Roaming\\npm\\node_modules\\npm\\bin\\npm-cli.js" "install"
156 error node v4.4.5
157 error npm  v3.9.6
158 error code 128
159 error Command failed: git -c core.longpaths=true clone --template=C:\Users\Fidelity 2015\AppData\Roaming\npm-cache\_git-remotes\_templates --mirror git://github.com/bessdsv/bower-installer.git C:\Users\Fidelity 2015\AppData\Roaming\npm-cache\_git-remotes\git-github-com-bessdsv-bower-installer-git-temp-5f628818
159 error Cloning into bare repository 'C:\Users\Fidelity 2015\AppData\Roaming\npm-cache\_git-remotes\git-github-com-bessdsv-bower-installer-git-temp-5f628818'...
159 error fatal: unable to connect to github.com:
159 error github.com[0: 192.30.252.122]: errno=No error
160 error If you need help, you may report this error at:
160 error     <https://github.com/npm/npm/issues>
161 verbose exit [ 1, true ]
